2025-09-20T15:12:16: 
> frontend@0.1.0 start
> next start

2025-09-20T15:12:16: 2025-09-20T15:12:16: 2025-09-20T15:12:16: 2025-09-20T15:12:16: 
> frontend@0.1.0 start
> next start

2025-09-20T15:12:17: 2025-09-20T15:12:17: 2025-09-20T15:12:17: 2025-09-20T15:12:17: 
> frontend@0.1.0 start
> next start

2025-09-20T15:12:17: 2025-09-20T15:12:17: 2025-09-20T15:12:17: 2025-09-20T15:12:17: 
> frontend@0.1.0 start
> next start

2025-09-20T15:12:17: 2025-09-20T15:12:17: 2025-09-20T15:12:17: 2025-09-20T15:12:17: 
> frontend@0.1.0 start
> next start

2025-09-20T15:12:18: 2025-09-20T15:12:18: 2025-09-20T15:12:18: 2025-09-20T15:12:18: 
> frontend@0.1.0 start
> next start

2025-09-20T15:12:18: 2025-09-20T15:12:18: 2025-09-20T15:12:18: 
> frontend@0.1.0 start
> next start

2025-09-20T15:12:18: 2025-09-20T15:12:18: 2025-09-20T15:12:18: 2025-09-20T15:12:18: 
> frontend@0.1.0 start
> next start

2025-09-20T15:12:19: 2025-09-20T15:12:19: 2025-09-20T15:12:19: 2025-09-20T15:12:19: 
> frontend@0.1.0 start
> next start

2025-09-20T15:12:19: 2025-09-20T15:12:19: 2025-09-20T15:12:19: 
> frontend@0.1.0 start
> next start

2025-09-20T15:12:20: 2025-09-20T15:12:20: 2025-09-20T15:12:20: 
> frontend@0.1.0 start
> next start

2025-09-20T15:12:20: 2025-09-20T15:12:20: 2025-09-20T15:12:20: 2025-09-20T15:12:20: 
> frontend@0.1.0 start
> next start

2025-09-20T15:12:20: 2025-09-20T15:12:20: 2025-09-20T15:12:20: 2025-09-20T15:12:20: 
> frontend@0.1.0 start
> next start

2025-09-20T15:12:21: 2025-09-20T15:12:21: 2025-09-20T15:12:21: 2025-09-20T15:12:21: 
> frontend@0.1.0 start
> next start

2025-09-20T15:12:21: 2025-09-20T15:12:21: 2025-09-20T15:12:21: 2025-09-20T15:12:21: 
> frontend@0.1.0 start
> next start

2025-09-20T15:12:21: 2025-09-20T15:12:21: 2025-09-20T15:12:21: 2025-09-20T15:12:21: 
> frontend@0.1.0 start
> next start

2025-09-20T15:12:22: 2025-09-20T15:12:22: 2025-09-20T15:12:22: 2025-09-20T15:22:09: 
> frontend@0.1.0 start
> next start

2025-09-20T15:22:09: 2025-09-20T15:22:09: 2025-09-20T15:22:09: 2025-09-20T15:22:09: 
> frontend@0.1.0 start
> next start

2025-09-20T15:22:10: 2025-09-20T15:22:10: 2025-09-20T15:22:10: 2025-09-20T15:22:10: 
> frontend@0.1.0 start
> next start

2025-09-20T15:22:10: 2025-09-20T15:22:10: 2025-09-20T15:22:10: 2025-09-20T15:22:10: 
> frontend@0.1.0 start
> next start

2025-09-20T15:22:10: 2025-09-20T15:22:10: 2025-09-20T15:22:10: 2025-09-20T15:22:10: 
> frontend@0.1.0 start
> next start

2025-09-20T15:22:11: 2025-09-20T15:22:11: 2025-09-20T15:22:11: 2025-09-20T15:22:11: 
> frontend@0.1.0 start
> next start

2025-09-20T15:22:11: 2025-09-20T15:22:11: 2025-09-20T15:22:11: 
> frontend@0.1.0 start
> next start

2025-09-20T15:22:11: 2025-09-20T15:22:11: 2025-09-20T15:22:11: 2025-09-20T15:22:11: 
> frontend@0.1.0 start
> next start

2025-09-20T15:22:12: 2025-09-20T15:22:12: 2025-09-20T15:22:12: 2025-09-20T15:22:12: 
> frontend@0.1.0 start
> next start

2025-09-20T15:22:12: 2025-09-20T15:22:12: 2025-09-20T15:22:12: 2025-09-20T15:22:12: 
> frontend@0.1.0 start
> next start

2025-09-20T15:22:12: 2025-09-20T15:22:12: 2025-09-20T15:22:12: 2025-09-20T15:22:13: 
> frontend@0.1.0 start
> next start

2025-09-20T15:22:13: 2025-09-20T15:22:13: 2025-09-20T15:22:13: 2025-09-20T15:22:13: 
> frontend@0.1.0 start
> next start

2025-09-20T15:22:13: 2025-09-20T15:22:13: 2025-09-20T15:22:13: 2025-09-20T15:22:13: 
> frontend@0.1.0 start
> next start

2025-09-20T15:22:13: 2025-09-20T15:22:13: 2025-09-20T15:22:13: 2025-09-20T15:22:14: 
> frontend@0.1.0 start
> next start

2025-09-20T15:22:14: 2025-09-20T15:22:14: 2025-09-20T15:22:14: 
> frontend@0.1.0 start
> next start

2025-09-20T15:22:14: 2025-09-20T15:22:14: 2025-09-20T15:22:14: 
> frontend@0.1.0 start
> next start

2025-09-20T15:22:15: 2025-09-20T15:22:15: 2025-09-20T15:22:15: 